100
0 0 1 2 385 4 901 3 7 8 1544 5 16 3344 17 656 20 6160 531 26 4001 34 33 164 1193 60 63 64 319 6856 332 206 87 1756 96 353 108
1 0 1 2 6785 3 5 6 7 8 13 16 17 18 400 20 1819 422 295 297 1065 47 6960 4019 64 9795 332 76 208 4048 3024 85 87 861 223 99 1000 3437 125
2 0 1 2 129 260 4 6 3 8 9 394 523 11 12 15 1680 146 19 22 157 35 806 168 3369 312 184 61 69 2502 70 712 9164 88 2009 356 492 5997 242 4471 761
3 0 1 2 3 2948 5 6 7 8 265 12 13 3598 1402 17 2961 531 405 3222 23 24 22 27 285 3361 546 6194 3126 313 319 960 322 68 1864 3533 85 861 98 8296 122 6013 510
4 0 1 2 8963 4 3 6 5 1932 3088 402 23 280 24 155 2331 2211 40 9646 180 67 583 71 972 3533 87 91 95 5217 1123 237 624 1907 243 511
5 128 1 2 0 4 129 6 3 5 9 10 11 7 13 16 17 21 23 286 9779 4662 186 62 830 328 201 79 83 474 2396 363 1646 2546 502 121 122
6 0 1 2 3 4 5 4358 7 774 10 13 273 19 23 1949 33 674 38 1195 302 49 50 564 1080 57 60 191 832 67 70 7674 4448 248 1018 764
7 0 1 2 3 2308 5 4 6535 7 9 10 267 138 13 904 16 17 6551 50 55 1213 1987 70 85 88 1377 5361 114 891 637
8 0 1 2 3 4 5 6 263 135 9 8 138 7 141 142 15 2704 17 1174 25 156 167 5290 1408 7860 55 5434 571 63 319 1607 76 84 213 4693 87 6747 379 629 1403 508
9 0 1 5 518 8 10 11 13 14 1936 16 21 1823 33 3875 2214 8614 40 300 45 8886 567 57 1213 61 319 3911 81 5206 9564 221 100 374 376 1531
10 0 1 2 3 7044 5 4 6 8 12 2060 2454 6424 540 35 36 549 38 40 424 42 1832 300 1323 5928 47 3768 62 319 65 3526 71 3916 83 3030 215 3160 7641 87 4442 5217 354 617 109 112 244 1787
11 0 1 2 3 4 5 6 7 8 518 12 15 17 19 20 409 794 2972 32 6647 36 165 38 425 44 1971 8757 53 72 4424 1485 82 1619 723 2135 87 4576 1774 240 1655
12 0 1 2 3 4 132 6 7 5 9 525 13 15 145 1042 18 21 24 25 412 34 552 300 46 47 175 4274 948 58 60 8381 708 454 78 80 2512 1495 218 91 3305
13 0 1 2 3 5 6 9 10 11 12 137 1294 270 400 1809 21 22 24 5915 412 28 33 38 296 46 702 3776 1089 68 329 3916 337 83 87 89 1497 99 7524 229
14 0 2 3 5 6 7 4487 10 394 396 12 14 18 788 23 154 28 2080 291 44 818 180 312 58 61 1216 1346 70 6601 76 1620 87 3033 4196 239 6261 379
15 0 1 2 3 4 8 9 11 12 13 17 2194 20 21 27 1052 165 40 5928 48 49 54 55 61 7102 452 3012 81 220 104 107 367 6127 6001 6645 248 1273
16 0 1 2 3 4 5 6 6279 3841 9 266 1419 11 8461 12 518 16 17 400 1431 280 282 284 33 34 5795 52 312 57 7737 60 1596 61 965 3020 6988 2257 2159 8690
17 0 1 2 3 255 5 6 9 10 267 12 14 3983 20 22 27 798 5922 2210 36 42 2870 3769 319 4936 76 338 83 7255 2146 354 4472 2175
18 0 1 2 3 4 5 6 7 8 135 10 13 14 15 18 150 22 25 28 30 165 44 3375 2105 188 61 319 323 70 199 204 5206 4316 3938 100 4069 1386 5372
19 0 1 2 3 4 5 6 263 138 11 140 13 14 5003 2833 660 20 150 25 27 1051 1180 1055 2471 428 174 314 60 61 574 460 76 848 341 87 856 601 6883 100 495 3576
20 0 256 2 3 4 1 6 12 780 15 17 1683 26 159 42 185 63 7235 195 455 1352 76 4557 3150 7908 102 109 238 2159 112 113
21 0 1 3 4 5 6 7 2179 9 10 5386 518 13 20 1050 6557 30 163 36 421 41 180 61 963 708 4298 330 3786 76 337 88 1261 1902 115 245 1659
22 0 1 3 6 7 2568 8 10 11 902 3853 16 17 19 21 22 284 2850 679 302 686 309 319 323 69 71 3916 79 720 339 728 92 2151 616 113 500 502 122
23 0 1 2 3 4 5 258 6 518 9 11 12 911 16 657 15 21 4374 28 1180 31 164 293 2469 37 42 300 54 311 59 967 73 972 858 2151 106 750 497
24 128 0 1 3712 2692 4 6 5 3 1672 10 139 138 2 1552 17 18 20 25 32 40 44 174 561 51 321 72 73 464 1233 5456 83 1114 91 476 6511 125
25 0 1 2 3 4 132 6 8 9 13 14 16 17 148 21 20 409 166 45 175 6336 2760 72 206 1870 3027 84 731 2404 5097 490 750 371 629 122 123
26 0 1 4097 3 4 5 2 7 10 394 12 11 15 27 284 29 286 927 933 38 52 313 1470 3280 339 83 981 90 99 100 6511 369 125
27 0 1 2 3 4 5 6 7 130 9 10 11 12 8 1172 23 151 26 27 1311 1572 41 45 1663 57 59 77 83 6357 87 93 104 2153 127 6142 5503
28 0 1 2 3 4 5 6 7 8 9 10 11 12 6154 17 20 22 3865 27 28 33 35 1197 53 2751 206 1873 2770 217 603 351 7519 2404 6887 118 502 888 4222
29 0 1 2 3 4 7 9 13 1294 17 18 21 6805 923 161 2613 54 2357 1976 1464 2626 2756 73 1996 1872 87 600 217 2279 103 109 110 8309 6389 892 3582
30 0 1 2 3 4 5 262 6 7 9 10 11 12 13 14 7054 15 8 140 2186 404 20 22 24 922 27 1948 30 3489 420 38 691 53 56 64 1862 9798 73 1619 3293 1510 1388 498 502 1274 127
31 0 1 2 3 7 1031 9 12 397 143 16 15 4751 22 24 26 155 28 29 30 416 33 35 3625 170 682 43 7982 47 56 7992 314 319 2499 342 87 345 474 122 2171
32 0 1 2 2304 3 5 6 2052 518 11 12 6156 270 14 18 404 21 1302 25 2714 793 3100 285 173 9908 6714 7995 319 66 4164 72 5210 608 488 1647 2939
33 0 1 2 4 5 6 7 264 136 518 11 2957 15 18 4246 23 1176 25 26 284 1062 41 46 1583 560 52 1591 441 60 4414 66 67 70 3145 203 716 1745 856 97 1018 1020 1021
34 0 1 2 3 771 5 4 7 9 12 14 15 912 17 20 2582 22 26 28 284 164 37 38 296 41 1195 171 309 316 196 76 87 219 2140 3696 375 252 381
35 0 1 2 3 131 6 7 8 141 15 3858 283 156 284 160 36 1575 45 302 55 319 5069 77 4436 87 89 3421 2032 124 506 1137 116 119 634 8956 766
36 0 1 2 1665 4 5 6 7 8 3 4871 12 13 14 5135 16 276 21 22 279 24 5401 154 3739 27 549 1208 59 60 62 4175 3407 3153 96 1121 113 1779 3964 1919
37 0 1 2 6659 5 7 8 3977 10 9 15 4751 148 26 287 32 34 294 41 4906 46 51 180 52 57 7226 3901 1480 87 7912 105 503
38 0 1 2 3 4 5 6 1671 8 777 2313 1930 13 15 16 5777 20 26 1053 30 159 32 42 4012 446 3006 66 4036 85 90 92
39 0 1 2 3 4 6 7 8 135 10 11 518 14 4239 144 284 158 38 41 430 304 178 54 68 199 327 72 76 591 1233 210 728 216 89 90 1887 228 486 106 3056 502 1785 3070
40 0 1 2 1921 4 3 5 6 8 4233 10 11 140 13 12 1813 132 32 40 681 435 308 6581 3131 4552 1225 844 94 867 104 234 235
41 0 1 2 3 131 5 389 7 138 11 10 15 23 24 3482 28 30 32 36 38 44 178 824 578 723 472 113 502 247
42 0 1 2 3 4 5 6 7 9 10 1930 12 13 14 140 15 400 24 282 27 796 2846 30 544 33 37 426 68 6981 1631 484 103 106 367 3838
43 0 1 2 3 4 5 7 9 10 11 12 652 15 7187 277 22 5017 30 37 40 557 187 61 197 2248 206 8398 1242 481 2275 1129 113 245
44 0 1 2 3 131 5 260 7 264 6 5505 9085 14 17 19 21 22 24 284 32 417 36 679 43 430 3376 50 1844 951 206 100 744 1533
45 0 2 3 4 6 9 10 12 14 15 16 785 20 4378 28 29 36 49 952 2618 443 319 68 72 970 83 608 6246 1383 1900 1653 118 376 124
46 0 1 2 3 2689 7813 6 4 11 15 143 17 22 1432 25 37 299 43 1917 47 5171 55 60 574 319 194 68 2376 74 83 87 4447 482 354 2150 2671 625 1905 3830 6396 125
47 0 1 2 3 4 5507 134 6 392 9 3587 12 13 143 16 1938 148 663 24 26 31 164 2085 40 51 53 61 67 1096 74 3152 598 3415 219 1759 99 102 364 1008 1021
48 0 1 2 3 4 5 6 1030 1795 8 9 12 18 4760 1819 28 27 39 300 47 440 74 76 214 1110 6874 606 2149 101 497 119 1785 126 127
49 0 1 2 3 1539 5 4 7 8 136 10 1929 11 15 17 4244 23 259 28 34 5539 37 40 1203 7862 56 58 60 2110 75 332 77 85 226 111 1656
50 0 1 2 3 4 9 10 13 15 18 19 21 150 1432 539 27 159 32 4519 167 41 428 45 47 3633 55 65 71 204 87 93 2397 115 2036 124
51 0 1 2 3 4 5 6 7 8 9 13 14 2833 19 20 22 670 31 35 36 169 6445 46 51 3261 77 1491 3028 597 8149 87 1626 4698 352 865 483 751 4338 6132 502 4728
52 0 1 3 4 5 6 7 8 132 10 11 518 14 3599 1935 16 18 2196 23 24 26 32 37 178 65 70 199 73 7757 85 346 220 2530 3555 3303 365
53 0 1 2 3 4 5 132 7 8 2952 9 263 9486 16 20 26 27 1819 7202 38 44 2738 562 312 62 6982 713 78 1489 6996 2525 480 352 4332 241 254
54 0 1 2 3 131 5 1029 7 4 6024 6 8 9 13 14 18 4115 19 28 284 288 33 39 41 829 4417 67 841 77 208 87 3294 491 114 1144 638 4607
55 0 1 2 385 5 6 264 8 10 12 13 1423 17 20 4120 152 25 30 286 38 39 425 177 52 1595 62 64 1475 70 75 2385 215 994 5736 6120 106 491 116 1013
56 0 1 2 3 4 7 8 12 909 4367 6416 144 18 27 28 30 162 674 44 46 435 61 4162 196 328 1743 209 2259 91 490 884 1277
57 0 1 2 3 4 5 6 2050 772 8 16 20 284 1309 36 8870 295 9640 42 45 557 47 55 2106 61 1856 65 199 72 970 843 76 2385 209 88 1008 124
58 0 1 2 3 387 5 4 8 9 10 394 650 13 14 11 17 18 19 35 40 1071 191 3008 68 2892 207 7635 7892 224 2920 2410 125
59 0 1 2 3 4 5 7 8 9 8329 11 12 397 14 16 145 22 1183 32 802 547 37 38 42 428 685 1588 702 64 69 78 221 2407 1521 246
60 0 1 2 3 258 4 6 7 9 11 7053 14 15 3088 17 18 2066 23 24 25 27 289 162 36 37 41 554 2231 1083 76 77 79 96 98 6885 1134 2680 764
61 0 1 2 3 4 260 7 9 12 14 910 16 1169 144 19 413 48 49 1330 3249 64 65 69 208 593 336 857 5596 93 1253 631 4851 502 2551 509
62 0 1 2 3 4 5 6 7 262 11 3981 270 14 16 18 20 21 23 284 32 34 6194 307 4532 60 66 451 1988 3411 2008 100 101 499 2939 127
63 0 1 2 3 4 1157 1287 8 9 10 12 15 16 20 25 27 31 32 38 167 42 4652 6572 45 66 3266 70 75 594 1247 100 2026 121 250 4860
64 0 1 2 4 5 6 7 8 13 142 16 17 18 20 660 33 35 36 37 178 181 68 8522 1611 846 221 5605 102 361 111 241 1019
65 0 1 2 3 4 5 6 7 8 9 2060 13 20 22 3612 28 32 5667 2468 420 1581 177 309 694 55 8632 5434 318 323 2248 76 6734 3926 857 4700 611 100 109 118 4215
66 0 1 2 3 130 4 7 8 137 10 9 14 15 783 19 21 22 26 28 2208 161 554 47 2992 71 4298 4816 88 612 996 4720 505
67 0 1 2 3 4 5 6 7 8 11 12 14 1807 16 15 20 152 29 40 296 173 50 307 2996 1078 2877 192 65 1475 324 78 86 219 114 883 894
68 0 1 2 3 4 5 1794 7 135 6 11 13 4751 17 403 24 28 34 680 171 48 5680 2610 952 1341 67 7243 1869 846 80 344 1884 489 363 123 6653
69 0 2 3330 5380 5 130 4 6 16 17 144 19 157 544 7332 39 1832 555 812 46 1838 48 1971 1587 3764 8888 56 58 75 1488 212 98 3693 366 372
70 0 1 2 3 2048 5 6 775 11 141 14 13 17 21 22 3098 27 28 3867 1439 31 674 1326 61 65 66 4808 76 2894 1878 96 5115 127
71 0 1 2 3 4 5 134 8 9 10 13 14 15 17 19 2072 3098 26 43 432 1331 1596 194 72 1097 79 3664 1756 93 94 225 5603 614 746 118
72 0 1 2 3 4 5 128 7 8 9 11 12 13 15 5394 19 2578 4888 24 159 5283 36 563 697 1861 70 74 331 76 6735 91 363 3949 371
73 0 1 2 3 4 5 134 8 9 13 14 270 17 6290 27 4380 416 32 556 49 6450 57 2497 200 201 210 92 223 9317 361 370 5246
74 0 1 2 3 4 5 4096 7 8 133 1421 17 18 657 4248 27 159 675 37 40 43 429 2478 7612 1217 3653 586 79 1110 1123 100 2286
75 0 1 2 3 4 128 6 7 8 9 10 11 12 14 17 1426 20 23 410 27 28 416 33 7201 34 36 2219 49 51 952 60 191 5573 86 215 3672 6753
76 0 1 2 3 4 5 6 8 9 138 11 141 14 16 17 2323 24 25 26 27 1306 29 38 43 49 54 1083 80 82 6234 100 113 1917 382
77 0 1 2 3 4 5 6 8 9 136 16 18 3478 22 24 664 30 4387 38 39 43 172 300 307 54 62 6983 329 2383 4176 82 2644 85 603 94 865 104 620
78 0 1 2 3 644 5 6 4 8 9 10 11 263 518 16 17 2705 148 24 410 3996 543 3110 5036 45 57 60 319 454 74 202 76 9549 83 5715 87 740 7402 111 4342
79 0 1 2 3 4 5 389 7 10 1419 12 14 16 17 146 912 672 292 38 40 1322 1195 304 950 1723 61 328 974 80 1239 1496 984 1629 97 7524 116 124
80 0 1 2 3 4 5 6 261 8 9 10 7 12 4877 14 6407 263 145 1554 19 25 4131 293 2470 170 43 183 5963 2514 338 983 2268 741 106 2034 5119
81 0 1 2 3075 4 5 3 263 913 276 24 25 4251 1532 286 32 36 1062 808 300 174 47 55 7615 200 3273 206 2775 7005 233 1142 248 1276
82 0 1 2 3 4 5 7 391 8 1674 13 397 15 19 20 150 407 27 30 287 32 3619 3235 38 6950 554 177 448 2753 78 80 338 214 481 2145 2147 248 127
83 0 1 2 4 5 7 8 9 11 1166 15 409 795 3227 31 35 45 432 52 54 185 828 1350 74 90 475 220 91 739 615 1522
84 0 1 2 3 4 5 6 11 12 271 16 6162 19 6039 153 4380 29 797 32 929 35 40 3131 201 83 5203 2389 1495 2010 346 2032 501 120 4863
85 0 1 2 3 5 6 8 9 6411 12 13 15 16 18 403 405 22 25 26 30 2719 2850 302 59 574 62 68 5191 327 3274 76 1870 974 1486 339 90 8541 3425 357 3819 369 7807
86 0 1 2 3 4 3714 5 7 8 6 12 780 14 527 530 788 22 23 24 25 28 33 165 46 303 2760 74 1870 3290 479 1762 483 6893 4590 3056 246
87 0 1 2 3 4 5 7 8 9 10 12 14 15 16 147 20 22 23 282 27 283 30 33 36 37 171 44 1199 181 1978 62 2881 65 198 73 75 7243 988 2143 225 3311
88 0 1 2 3 4 5 6 7 136 9 10 12 13 140 16 20 27 159 162 419 57 63 194 67 451 79 81 4563 601 1497 737 124 127
89 0 1 2 3 4 5 7 8 9 13 14 19 20 22 24 9246 30 38 39 1969 50 1204 56 187 1084 67 68 75 86 87 2008 89 92 3682 104
90 0 1 2 3 4 5 6016 7 8 9 10 6 13 4884 23 26 7578 29 31 37 40 48 65 452 453 714 3028 734 4321 743 493 371 8447
91 0 1 2 3 4 5 264 10 527 1296 146 277 24 921 6424 32 36 37 5555 5047 3387 60 317 197 581 200 76 1487 87 216 231 1521 630 4218 636
92 0 1 2 3 4 5 6 7 8 141 142 15 400 277 21 8984 920 8093 159 44 47 175 53 323 78 93 97 7778 615 3177 1265 629 1659
93 0 1 2 3 129 5 4 903 7 9 10 7563 11 13 12 14 153 26 1693 30 6 547 38 41 819 4021 7350 53 9018 63 319 8901 72 7117 81 6231 87 4059 5490
94 0 1 2 3 4 5 6 11 2317 13 15 400 17 276 30 550 3238 297 41 5934 304 568 442 1851 6079 68 710 2632 1003 2671 114 1652 511
95 0 1 2 3 4 6 7 8 11 2195 22 25 284 29 543 34 37 39 44 567 55 5688 184 2114 3396 69 202 467 87 1880 219 91 861 94 95 610 240 3700 117 3577
96 0 1 2 3 4 5 4867 7 8 9 6 11 13 526 14 21 6425 31 42 46 6192 52 58 62 63 1348 73 459 1743 87 359 873 4462 3707 254
97 0 1 2 3 258 129 6 7 8 4 10 139 13 2064 16 18 21 24 25 26 3096 284 30 38 300 174 431 310 2104 4665 60 5436 2499 847 1363 216 1368 2400 1122 110 7921
98 0 1 2 3 4 5 4101 7 8 6 11 14 15 657 17 19 26 4379 156 157 283 34 424 40 171 173 306 1586 1472 69 325 75 9681 9187 359 3947 5611 7920 377
99 0 1 2 3 5 8 137 5388 141 13 15 16 14 18 910 20 1819 4894 33 290 44 177 434 63 9665 1862 76 5452 81 85 86 96 872 108
