500
0 4744 8073 4489 2079 8097 2344 3377 2360 1347 9542 3144 2122 1365 7765 1241 9306 2912 8035 6628 1259 3575
1 8097 5828 6662 6792 9578 1387 4728 2858 2864 656 7154 9395 6995 1368 3097 7067 3807
2 2432 9866 6031 2202 7582 5799 2988 4531 58 8261 4295 7368 9813 218 5601 9704 1006 5238 4729
3 8097 7364 6920 6666 7244 2702 9038 3887 6574 1395 7476 6460 8664 3196 2975
4 1089 1286 3385 1639 5768 3819 6668 5165 2932 5589 2135 6041 6715
5 3873 7170 1955 4542 9669 2526 1670 1322 6219 3242 6840 7471 4336 9332 56 2684 3838
6 768 6721 6404 1062 1478 1610 6795 4303 9904 818 5301 9494 8830 2175
7 2528 9249 9602 5345 2916 5125 9864 3434 8432 8189 9716 4309 7932 3869 9791
8 6971 8579 4203 2893 45 7600 1886 883 7796 5437 284 3293 2270
9 4768 6625 65 4352 9701 4391 393 8111 7408 9713 2834 7280 8669
10 3488 7075 6726 1479 4266 3118 8946 3478 3127 2428 1849 9148 2238
11 616 5737 3144 3211 7055 3920 1839 4626 8723 7293 8758 8920 8441 8765
12 1217 1345 1665 9541 5381 7688 4456 3659 5132 8813 8817 3795 244 6329 2203 9279 6206 3807
13 6720 8128 9312 3459 6560 5882 5993 4745 4919 9680 4532 822 1623 7898 9404
14 4736 9922 1591 7654 8261 8393 7148 9549 6766 6542 5805 525 9998 4118 7607 3640
15 4129 1027 5572 7046 3081 9517 5774 6387 2547 9846 822 1947 5821 8126 1791
16 2662 3270 7432 5576 5163 6157 9491 1588 125 916 4441 634 6621 8830
17 7321 6434 9480 7596 3468 9644 8207 3696 3475 4086 9495 9113 7003 7103
18 3708 6976 5956 6949 9542 9225 5834 1097 5164 7803 3986 8756 1560 3483 3964 9246
19 3489 4423 9001 7627 5647 8144 6417 7026 4434 2587 9885
20 2435 2371 8677 7049 8746 8907 3242 4969 9742 5139 1876 2355 2109 5790 2303
21 3520 6785 8578 4003 4352 4453 4329 8650 7178 3466 5676 3054 6898 8151 3286 8375 8632
22 4775 5065 3933 6808 3311 3792 980 4372 8726 9623 6648 3324 4349 9022
23 9922 1091 5029 6345 4813 6446 5776 3792 4051 8532 2805 823 4730 6366 2783
24 6817 8354 8226 5476 6281 4969 4887 3344 5747 2932 9493 1815 220 8535 6111
25 1825 3938 8097 7076 7173 2438 260 7560 5098 3022 8526 7255 9946 4539
26 4128 8481 1831 3819 4270 3826 7571 6616 6970 2139 8221 9438 8447
27 8000 4736 3075 8836 9640 8908 3792 6833 2610 467 4914 7702 8342 8249 2653
28 7650 9251 581 2632 968 4791 846 3440 49 9747 7318 3094 7485
29 7584 4736 9986 7974 3783 6182 393 6154 970 3724 6792 6795 9967 3315 5909 6238
30 2305 6851 6084 4297 7371 8208 2225 3477 2934 566
31 1250 4835 8197 2726 6599 8775 6601 6185 3943 5882 6255 7120 9046 762 8830
32 704 2404 6533 2247 6953 2378 6251 2091 1651 2580 1301 8762 2367
33 2145 4068 8261 7368 137 1547 9360 9361 1586 1651 3483 2612 5657 7451
34 5155 1608 3403 9102 8952 2033 4660 5621 4373 5144 7514
35 5025 5799 1898 4011 5162 2094 1039 4913 5522 7220 9301 8278 9430 6171 1340
36 4544 9701 7685 2951 3657 1771 6795 8525 3609 3469 3000 185 30
37 1603 2915 1253 838 8679 3528 7243 8717 9489 369 7031 1592 9337 6941
38 4352 5890 8898 5230 6991 754 4050 9627 1268 5748 9273 4826 7195 8156
39 5798 6686 5246 74 5999 975 3285 4504 538 4412 8733 3774 6175
40 8097 69 7145 5737 7243 7373 8686 5647 8144 1690 8889 6810 8092
41 1377 6058 6603 6956 6509 6798 1487 3826 8635 982 6523 988
42 4802 2658 2812 8871 3272 9867 6032 5137 7765 9436 1629
43 3041 9123 36 740 5799 2184 9034 6380 6577 6642 9970 4318
44 1344 5953 7235 6627 3271 5481 6412 2412 366 7216 5136 9175 2648 5850 8286
45 641 3394 6659 8932 1443 7750 1963 9644 2157 7245 5972 4310 4537 8891 9535
46 9508 5382 3015 5512 233 875 6795 9231 16 1936 8566 759 1977 2111
47 4960 8996 6373 1671 1448 3144 202 6381 5039 8211 2963 4244
48 580 1030 7303 7400 5535 9419 5676 7915 5039 1331 8095 3387 3263
49 4576 1442 7012 838 5030 6635 8204 6251 398 2894 6292 284 6239
50 9760 8995 1572 6853 3494 8075 3183 399 7793 239 7000 2167 3671 5752 3866 2779 5054 8319
51 1986 1539 1348 8072 5454 2126 8048 8465 5647 3379 5523 5493 7226 6365 8511
52 9057 3650 1162 6666 3819 7373 3580 4689 3792 5749 2776 1849 7324 8063
53 3968 3144 6219 4876 5720 9836 5455 469 7254 3927 312 8505 1498 7611 7447
54 7105 7677 932 5031 8808 4493 3726 7069 5008 3405 6962 947 822 3353 5594 8221
55 8833 772 8843 6798 2863 112 5489 5362 6034 4338 2330 6619 4511
56 8257 6568 1901 6511 4496 5747 2164 9045 3222 3128 7259 5660 1886
57 1666 8898 3780 3622 4551 1320 5799 6636 6479 6770 4691 755 4021 6039 5916
58 7811 5229 2702 7470 272 3218 1011 564 8725 9781 5016
59 1024 2913 7010 289 4 6987 8685 591 3759 3247 3410 5363 1878 567 7101
60 1793 289 2403 1511 8590 9499 7505 7442 1169 5531 4441 7355 9276
61 1089 4995 3012 3963 4262 15 5648 6223 6899 5491 2932 3574 9495 822 4474 859 2525
62 2978 5381 1337 5482 173 3118 6395 3375 6095 9791 4857 7899 2300 6399
63 7776 4736 4426 1771 9964 1886 5075 6740 2006 7096 2842 1307 6396 1630
64 4352 9347 6725 3589 8969 4425 619 2537 7629 3054 6608 8348 466 691 7251 1564 3199
65 4128 1185 9092 1241 5799 4759 1771 5004 9901 1167 9391 1299 4406 5655 9433 4987
66 4352 6145 226 5987 5799 3913 3982 1711 5968 6544 3828 2037 6553 1948 6137 9279
67 8769 5827 419 8679 7368 2601 6923 3948 1707 2124 5071 1771 6731 1170 6104 413 3646
68 9824 3297 7905 4352 1766 7496 6090 1482 7148 2351 5456 8369 6226 3865 1687 1433 4796 7325
69 8324 424 4265 3690 9514 3276 6668 8830 4591 1018 8379 8190
70 386 9107 5140 1941 2850 9772 5676 1454 3000 6976 1607 847 7894 7258 602 6492 109 5616 9720
71 4192 5665 6276 6532 4102 4331 4880 6769 3096 8154
72 1832 7084 9424 5777 8080 5684 2648 4474 3931 1021 4126
73 4736 5505 8097 4135 8776 5642 9613 4015 1585 2834 8979 2104 6266 926 7519
74 7520 4515 1347 4135 871 3051 8491 9293 3632 9201 5460 6967
75 5729 9058 5381 70 7994 2058 300 8369 9652 4660 9110 3157 6712 1846 8122 7675 3452 2973
76 6915 1316 3907 9254 4441 5481 9002 7275 5653 4406 7670 2745 8378 2652 1149 990
77 4736 6882 962 1764 1636 7302 6376 10 5390 5742 3025 3827 8955
78 3363 1347 4904 9259 2381 9428 6196 5462 2359 9497 9178 9595 284
79 5792 3681 1730 6403 9348 3015 9832 4427 3343 1975 2870 3319 5340
80 768 225 421 9543 8807 4519 8970 2188 5901 7756 9551 8082 1363 9556 2932 7802
81 6720 3682 7461 7368 8684 6477 7501 2544 9619 1498 8891 6782
82 9410 6754 325 4645 8364 2957 7054 9101 4013 1549 9836 7668 9684 5339
83 6086 6758 7336 6574 849 5340 724 5687 7546 1148 1309 4446 7999
84 7008 96 1608 8296 1705 8108 3152 9681 6708 7988 4317 7897 5274 6171 2301 5502 8863
85 2304 2432 5028 813 9791 2512 1873 8784 8954 1118 6975
86 3875 1412 9701 515 2792 6825 234 8907 1488 444 9791
87 6945 1284 2280 3272 8830 1465 7247 1680 2000 347 3442 8498 3833 4475 2878
88 1188 6565 5676 3181 7885 6831 8591 9487 5842 8211 6322 695 8187
89 4483 3591 2696 4885 5654 2461 8097 5539 8872 1578 3242 6461 5580 7502 5078 9814 2142 5087 7790 6265
90 5409 6177 676 7238 4073 6732 5036 5908 8021 7797 6999 4116 1145 2173
91 7074 1090 8261 8454 3368 523 8684 9707 3308 3473 5336 9884 1598
92 3968 8994 1283 8931 6117 8007 2920 586 1707 3467 3595 3600 3888 6963 5463 8029
93 5568 1495 3812 1241 4454 5038 3090 4372 6455 6808 3385 2715 4734 7167
94 8097 706 8740 6820 4744 3432 4905 619 974 4402 7252 4213 7611
95 3041 5507 3684 6243 1095 4968 3688 9391 2130 2483 6969 9372
96 1058 3522 4133 3462 3973 1255 9546 3789 2541 9165 2453 5277 822 1144 9213
97 5089 3362 515 4614 7857 4981 6678 9786 1979 5756 4862
98 9056 6241 4736 3395 9306 9638 6054 7879 2638 5522 6520 8761 6874
99 7458 2947 9443 3996 138 9727 5548 9165 9836 6769 1849 6456 7385 3288 8319
100 5444 9847 2679 2761 2663 8555 4747 6031 8849 2417 7314 3956 4341 1495 5882 6267 8830 7935
101 5377 9349 6985 9898 943 208 1489 7765 6456 4447
102 5927 6220 6893 3021 686 2032 8565 5909 8888 795 2300
103 7872 2753 9953 7621 9094 3689 9578 447 3565 1038 4882 9592 3162 2938 5535
104 8097 1634 3778 1250 3238 6726 4554 7211 8140 4557 7439 3984 6995 7897 28
105 6146 8452 9127 520 9192 4747 7341 9647 5295 8789 1366 5974 9146 6491 9213 9854
106 2082 7108 1446 3430 520 5770 779 2125 7055 6420 3349 9172 6329 9402 5307 2684 7549
107 1376 3937 2882 7556 1381 7686 4619 473 7021 1967 9587 6452 8247 2616 25 8538 8155
108 610 298 4664 2702 5294 6798 2395 7317 9463 8632 7097 891 9020
109 5574 8106 3533 7373 1903 5330 1875 2932 5878 3287 1464 7804 9439
110 8164 1540 5672 9323 2315 4621 2992 4177 850 2932 7063 3007 8252 8095
111 1123 7332 6951 9868 750 3795 6964 7669 6966 2135 9724 2143
112 8834 7302 9766 4683 6414 1104 3601 4662 1241 3007
113 3301 2213 796 8075 2412 8780 9388 9453 912 3253 1239 8121 2972
114 9312 8832 5158 6988 4172 5648 754 5080 1849 6043 1533 8376
115 7616 6201 4676 8422 4537 1326 8436 1621 8311 5048 3321 1914 3741 4607
116 2528 4192 2084 4027 166 5546 5454 3665 9749 4341 4696 2043 6333
117 481 5285 6406 5882 6761 1614 8463 8912 559 3827 4949 4890 5915 3930 1663
118 4481 3557 7560 810 7436 1965 6574 8787 8884 5273 4317 5279
119 2977 8097 3113 1771 6574 2065 8434 8818 817 8497 4594 7409 3833 9274
120 7168 9698 3079 6184 5225 8647 6315 7852 3759 5140 2071 4441 7132
121 7359 7613 1960 649 5676 1358 1455 756 8663 6781 9215
122 5634 2020 4517 5252 5676 8301 7758 4886 1272 6781 1630 3167
123 1889 6660 2312 11 7566 6223 8817 4690 8151 8566 6711 5436 6173 9118
124 5794 9699 5096 6152 5258 1579 8943 6767 6257 9117 5150 1823
125 9440 6052 2532 1414 4068 3144 6316 3213 3916 431 4817 2993 3796 7892 5556
126 7968 4002 6434 6629 3142 7368 6090 3628 2734 9774 7802 9723 8316 4859
127 3040 9537 6531 5414 7047 1789 9514 3468 1904 4312 4890 5240 6749 1886
128 1376 417 3683 5700 5066 6320 402 1590 1910 7102 1567
129 3778 2 6089 7789 5261 6992 6833 9906 2418 5364 8498 1526 7154
130 7202 2915 39 6568 4554 5098 7500 2221 3792 9939 3892 280 8537 1882 667 8031
131 7202 6309 2631 3018 2474 2797 8273 5202 1171 1241 2621 4766 8543
132 705 3298 7684 6597 7621 1830 5799 9868 7342 1237 2485 8885 1148
133 6912 3908 6852 2468 8202 6795 7695 8880 631 1560 5753 6235 3357
134 3232 4736 1283 2021 4712 6760 8424 9259 9357 2766 1037 3070 1945 7773 1214
135 9696 2819 4612 869 9093 804 2985 5708 4946 1654 4951 793 5082 3227
136 3200 9623 8740 5799 1064 5001 202 2477 2097 7956 6871 9656
137 3712 6816 4258 4676 3943 3783 6377 6890 5386 4080 3792 8882 3062 5723 2687
138 2498 610 3811 9784 8587 4012 1452 6702 8750 2356 9206 6136 7897 3869
139 2500 804 2278 260 7944 4906 2203 6798 6165 5754 1051
140 9088 2305 4356 2759 3337 8649 907 7563 4252 5107 3671 1882 4155 8476 7070
141 7360 2499 5635 9894 4423 2952 2377 1211 3470 239 8849 1203 4407 5882 7803 1181
142 9569 7878 7464 2857 9290 5737 1560 7435 5902 661 6358 5818 4121 3258 1112
143 6497 9730 4385 9316 8939 9291 6767 1104 6772 1974 4444 9624 5144 9020
144 7486 9796 9701 5882 9705 5904 435 2739 947 4887 3002 6107 605 6078
145 4352 9954 2551 6946 9189 76 7056 6898 3730 6644 8276 822 5015 1498 6398 7966
146 2082 4515 6754 4105 9195 8877 8145 1276 7830 1847 9051 6652 6622
147 9537 450 5282 4581 5574 5799 7912 3530 1715 2932 9367 3832 9882 1882 671
148 8290 1860 6661 2182 7004 3258 5723 2251 8411 5647 7315 7859 3990 2586 8507 8060 9310
149 9760 8099 7812 4485 9382 6565 4325 1606 3402 6381 1933 7956 3893 4820 3582
150 5377 9562 2702 848 9427 7347 3092 9718 7703 6650 701 6910
151 7841 5473 9251 5828 2823 9735 873 2472 6507 7599 7797 1430 822
152 2494 7099 6055 9673 2377 2025 8830 1136 9136 626 5298 9204 4532 1849 8986 6747 6430 1919
153 8388 2248 9512 5610 714 7180 3053 3954 3826 7894 8378
154 993 8097 1413 3686 615 9862 4970 1387 2701 9679 7856 9203 57
155 6112 7460 2405 7686 2987 6380 9643 47 2513 1754 6363 8381
156 96 9539 8261 8234 5130 5357 5117 6194 1331 3731 2006 4791 1245 1407
157 8867 6470 1191 4524 844 2671 4400 6491 8754 5205 3707 1566 7167
158 1218 9091 1250 5766 3144 1599 7502 4990 5623 3736 9499 5724 5438 6047
159 3905 6978 9337 1320 8298 1898 1004 6958 3152 9043 7189 5145 1722
160 9344 1890 1241 8677 6598 9276 7662 9840 5233 1396 919 5912 9753 7644 157 1855
161 4864 4352 772 5676 3757 2446 4461 6448 5617 3888 9747 2094 990 6523 1755 4671
162 4353 739 6438 599 4681 3181 9392 8465 2320 213 6551 3805 8830 4415
163 1602 8036 8134 6215 4327 9066 1355 5581 1554 9587 822 1849 4537 639
164 7521 2375 7402 6603 5741 6798 336 3248 1106 2066 8180 2390 1049
165 6628 3173 4742 614 8680 6574 9936 3217 4347 5789 8063
166 3746 4259 7301 5897 6253 6574 2395 5076 6390 7451 7613
167 1285 806 1864 2185 4575 5420 7022 2192 7280 9111 1880 1241 734 6687
168 9217 1923 5414 2202 2056 5030 1259 48 8945 2932 6485 2617 8890 8153 3999
169 7552 1827 5828 7367 3341 9389 9712 8658 7219 7286 312
170 1568 5218 5154 166 9575 618 2768 4113 1712 4575
171 7937 5445 1414 2060 1197 911 177 181 2199 1241 9213 830
172 2016 1731 3012 7531 3084 9068 6731 6831 7856 1483 5875 7443 2132 1597
173 4736 489 8973 7101 8623 5330 21 8566 5366 1368 5017 4669
174 5664 8488 3144 6446 9262 8048 916 7349 5046 5366 6200 2875 7836 5150
175 2407 9543 5799 2603 8684 5036 2221 4178 5171 4086 7672 5180 3741
176 2368 7076 6622 8830 4972 2126 2225 6417 4275 8218 7293 5374
177 5527 9666 567 5799 9544 3608 6288 7155 2071 4632 8375 6270 511
178 8768 9122 7906 1668 8261 3782 4103 7789 4910 7151 8979 5268 6839 5050
179 8963 4036 4519 8970 5515 9613 2477 143 5134 3768 6203 5821 8286
180 5826 2189 5647 689 8722 9332 1845 9333 5367 4405 7804 5279
181 3685 3782 165 9095 6282 6383 1457 2580 1976 3736 7545 8154
182 9696 7904 4386 65 3041 8422 7750 1610 528 7441 1909 5238 4248 7933
183 673 962 6435 5220 2275 8101 3044 9095 3212 2702 6798 6641 7925 414
184 3809 7716 7336 4873 7816 3625 1549 7918 173 4152 6494
185 4578 9891 9514 7628 8876 9487 9297 7217 5817 2075 8831
186 7105 6754 9511 4616 6921 7370 7212 6700 4592 2458 4955 7646 1663
187 7425 3041 3815 873 7690 4331 8207 6384 1139 5176 9465 6651 2142
188 7968 9153 7457 5219 1511 8105 3627 1907 9524 3381 3324
189 2337 4994 8898 9189 9925 3308 3055 9141 8824 1340 5112 4255
190 2273 8515 5636 7747 8187 4520 4713 3601 3473 4441 5658 891 8031
191 1856 4578 1637 3163 6445 5486 4338 6898 7956 5234 5147 5340
192 642 3621 4806 202 9759 8685 2670 3407 9264 6513 6420 3092 6646 6171 6045 222 2367
193 9796 3173 4648 892 6154 4904 7821 7694 5645 7824 5045 8956
194 2595 5284 3173 2378 7116 6253 3954 1843 8724 7444 4790
195 2851 4451 5030 5607 3720 9339 1969 8855 1432 4190 3226 7867 2110
196 7264 1282 1315 5734 5882 7529 2730 172 5395 1781 1111 4954 9948 1118
197 3170 4548 2679 6184 7148 1421 9842 5525 7415 6748 7870
198 9665 6692 5828 3462 7239 9258 6252 5359 9777 3442 4021 1173 4439 1240 7708
199 2976 7489 1700 6117 3846 807 605 9099 6413 1073 9143 7386 5532 1181
200 995 8934 7111 1033 4074 2415 8496 8976 2898 1849 8056 6905 7834 4862 9439
201 4582 7686 6762 2414 8723 4885 4889 6843 4093 7678 8249
202 4544 4705 4356 4997 8004 5288 8938 3824 273 6101 6200
203 8290 6082 2660 7171 5830 1097 9065 4940 9791 5720 4058 3227 1502 286
204 384 6976 3842 8227 4484 938 5676 6193 9946 1883 1245 5886
205 3171 484 7148 7630 5201 6418 3829 4022 789 4533 2649 476 3422
206 5985 6662 6342 5290 6251 8787 500 1748 1815 9592 4441 4218
207 6532 5159 8615 4441 4042 2958 1710 1426 1043 9875 3993 3354
208 3265 6626 1316 5669 9480 8330 7280 6099 1205 8535 2686
209 4451 2115 5381 6318 177 1585 6803 4115 3960 505 6555 8796
210 9761 9157 1130 7468 3725 5676 5809 1045 3382 8437 5400 5497 3834 859 3102
211 3107 8261 7303 9288 8713 2727 236 2223 7122 1427 8051 9266 8435 4217
212 3264 6208 6780 7621 9933 7759 7541 6454 2491 571 1116 1790
213 3747 6212 6 9514 301 9392 1777 7922 7378 9588 9361 6199 1721 5114
214 9560 2627 7463 8551 6087 2284 4269 3730 2869 7768 9947 9277
215 3041 6948 105 9326 156 2770 5937 8596 6449 1908 30 3030 2490 1404 1566
216 247 4969 1647 1007 3953 176 6195 728 9142 8951 2040 2235
217 8610 4836 9252 5839 5616 6991 7954 8760 9369 5182
218 542 3912 3338 7274 5581 5102 8814 7506 8050 2043 348 1470
219 5030 9836 5278 8207 1776 7697 5779 55 2009 7098 4123 3326
220 2242 5828 7718 5770 3339 4747 9646 9166 7217 8500 2171 9148 6495
221 2016 8641 5890 9796 6279 7274 3243 7021 1940 601 1722
222 3394 5859 2788 3301 6181 8936 8365 2254 5101 9139 5720 7641 8506 7133
223 869 5927 7368 779 1387 4143 5713 4786 8337 9204 249 3515 5660 5983
224 7842 4325 2377 265 4683 2828 8205 3118 5615 8649 2450 7614
225 4771 5157 8261 7495 110 4177 8658 819 4313 9531 4701
226 389 5063 327 3692 6895 1042 3060 7157 3991 7994 959
227 3904 3899 2084 2282 4143 8017 4562 8532 9173 4244 951 6779
228 64 4676 229 5701 1097 44 1999 3218 8179 2036 2932 3479 9306 8413
229 3297 6754 6437 1256 3625 2378 4364 5105 6418 8433 7130 4829 8479
230 5696 6244 806 8686 6574 6033 7381 9079 6778 7387 7900
231 1664 2619 5890 1241 5831 9223 27 4505 9705 9170 276 1848 569 3067 2335
232 8097 1986 8964 8357 9509 7240 9388 4974 4666 4213 9722 4251 9437 7775
233 2080 9667 9350 7176 7915 7697 2930 5553 5813 8085 822 1816 8287 1119
234 8769 324 1991 7883 5260 7435 9648 9938 3794 3062 4407 3774 1919
235 4162 3177 3343 6768 5647 8978 6135 1559 5786 9467 3581 8159
236 2945 7553 5029 2726 625 7635 7476 4949 5268 7671 376 3931
237 8224 3296 8097 8102 5030 7018 9610 141 1678 3153 8114 8212 2039 3675
238 515 613 998 5543 8167 3144 5742 496 756 1270 4219 3231
239 8672 3200 5669 3576 8169 4664 4904 3534 4116 7444 183 4600 6553 1886
240 8992 770 8574 2694 5991 4009 6218 9791 1519 7728 8594 7667 4309 3416 2845 3806 7935
241 8642 3555 7204 9220 7335 2727 6795 7148 7281 4178 147 5302 6711 2526
242 2081 2659 7525 4027 6791 8361 5934 6190 8624 6514 8818 9395 883 7737 9339
243 8097 9478 2919 4360 6667 3948 4268 9521 8467 7412 4798
244 132 4676 4231 2202 7433 3787 3213 9840 4403 724 1783 3610 1947 4189 8479
245 1764 5799 3593 7082 9482 652 3980 846 6383 4718 7148 1661
246 5697 5825 1736 9225 5194 5963 8884 3190 4730 1085
247 4803 7971 421 41 2839 2928 5490 6964 2677 2743 409 6391 926
248 3170 9538 7941 4135 5965 6798 3983 9744 5972 1653 5079 9113
249 4065 2716 2503 551 5799 1373 120 9497 9723 8444 4189 8703
250 6854 1673 139 4110 9038 3023 3825 8498 4532 3829 4791 1369 3389
251 5669 4870 1030 5882 8457 5642 7402 2571 3021 2127 8978 7155 1588 7957 9494 8850 698 6269
252 7904 4643 1705 5676 3565 5710 9455 4241 7765 4246 1687 6013 7294
253 1608 9706 9965 6510 9791 2003 1108 9654 1592 4218 6077 3454 1407
254 704 8674 5318 8650 7627 79 468 6647 1849 8603 9886
255 4736 1761 3621 7495 7641 6830 6415 4563 5588 6261 470 1843 6553 1243 9919
256 8384 96 4258 6214 7238 7336 9419 5038 5297 2483 7097
257 741 8680 4009 6600 1035 9548 3788 2572 809 7626 1678 2088 6294 4441 8378 4188
258 3 486 3943 295 7832 4591 9745 4435 8054 3032 6329
259 7040 2372 7333 4968 1738 8202 4176 5366 6329 4638 6815
260 8736 5730 3974 5799 6568 1896 1261 750 8463 2776 1273 3132
261 3041 2370 8585 7615 2283 6729 2221 4367 3152 1141 7579 5020 3679
262 8704 287 3813 2598 2924 3246 1886 5075 341 120 4377 1977 6814 6975
263 4736 9569 3113 5230 3991 3826 7062 9591 1436 5885
264 5600 7041 6626 8005 7686 8366 272 6450 6586 7195 3453
265 9152 8192 6754 5894 2408 2129 2674 4241 3477 959 5374 4895
266 9290 8492 8055 3191 885 2198 4503 5238 8666 1147 9565 7935
267 4608 6016 6693 3303 3144 1802 1039 7763 6132 2871 4826 2490 8636 8351
268 8257 4321 6241 3529 4970 7435 4498 756 2294 5561 6171
269 832 513 1985 5733 8934 5099 3438 2574 1520 4724 1335 9791
270 37 9415 1096 9929 7754 8012 9134 207 1008 2094 3289 4892 4126 4287
271 446 8678 7910 9325 270 9074 5879 6366 7449 826 9245 1790 5791
272 2753 897 1347 9226 495 2480 5586 9044 2934 7127 7288 1849 4730 2168
273 289 6179 7686 1159 3020 7310 2094 6064 9047 4152 6206 1087
274 7200 7618 2788 423 8907 110 4399 944 2351 121 442 3869 926
275 2305 3745 6437 6058 173 1296 9681 4081 2323 5137 1886 4055 3065 3550
276 864 3777 5218 3138 7787 5868 8203 9517 5676 6897 7928 1112 8926
277 8448 6400 2273 6020 3908 2788 101 6686 3279 9719 5882 5183 6782 415
278 8640 8132 3396 4708 4839 169 4682 2538 2188 4525 4308 4951 5436 7613 9214
279 2271 8451 9924 9028 1445 5126 6628 3850 2190 4880 4434 7007 5691 4893 8255
280 4312 3976 2508 5676 6831 3536 5297 4210 2355 5652 5208 9753 2938 287
281 8288 2786 1349 5799 5165 3699 2420 6004 1782 6420 7924 9913 3092 5660
282 7874 2854 5128 8233 7435 8275 1364 2940 4253 8319
283 4802 322 6405 8038 2920 1801 7917 7280 2449 177 8787 6261 8987 8830 1759
284 7712 7651 1470 6564 3748 138 2378 3564 2638 7151 9617 1555 9621 1849 6553 4954 1502
285 612 2215 3912 5929 8584 6793 7307 3592 110 7828 5560 6137 9754 8699
286 8832 8898 8739 7703 4644 4331 1132 4557 654 5649 3380 3094 5751 3930 9727
287 7904 4930 4674 3461 5706 1805 47 113 1746 4213 2101 822 2136 7132 7775
288 6976 4963 5001 3819 7435 9965 8814 7151 5552 9170 9369 8891
289 7748 7079 6311 5673 1868 3916 5391 7855 9521 8658 8026 4188
290 768 8091 8261 4823 7820 5517 9103 283 6194 9373 5431 7355 6653
291 3842 3524 6061 2446 6063 7952 8213 2428 6265 8188 3645 7774
292 8545 805 3015 3082 5291 3210 1232 7536 5619 1205 5143 9240 505
293 2593 8866 2466 2118 7308 3600 8944 6000 6515 3220 7833 5017 7994 8350
294 4480 4676 7974 5847 6795 7998 9750 3511 5242 1051 702 7903
295 6720 2594 7587 8676 4486 7686 8906 8047 5009 979 9045 311 7868
296 2115 9379 6245 9544 9963 1005 1869 5999 5200 8401 475
297 2912 8097 6658 422 6122 4746 2986 9643 4974 1008 5104 5299 2298 5022 7327
298 4676 2693 1606 5291 910 3792 4242 5628 5205 3478 9561 1436
299 1953 4195 6819 9959 456 4108 7795 244 1080 5339 8350 1119
300 1728 8034 2915 8773 7916 9582 2767 7635 6453 3606 2648 5177 5658 2267
301 7969 9793 2949 3046 8456 2698 3242 4913 5650 659 9204 7159 3034 1694
302 7746 996 743 1260 5709 5229 7470 7629 3345 7765 9847 7065 9118
303 7680 3361 1191 8 3080 6924 9791 4400 5040 6128 2099 9235 8083 3348 1148 3422 9439
304 6343 6920 2731 397 1709 6798 656 6930 9459 8788 3000 2395
305 256 6370 6180 4517 3656 3181 590 3760 3888 8151 7092 5303 6238 7551
306 6496 504 1965 3536 6995 7988 3767 1752 8377 4348 2173 926
307 5477 5606 8766 9960 4969 7757 6030 1934 886 3865 1882 9212 5597 1246 9215
308 1152 8352 1408 2500 5316 6472 4745 2667 6571 715 7695 3792 9201 2354 4371 2866 4886
309 9284 3397 5799 5897 6987 2030 6992 7476 437 7963 2876 5469 2846
310 3618 1347 2367 6284 2127 80 1553 751 3509 1819 2428 9853 2847
311 2531 5604 7880 3240 426 9416 1197 1265 3443 3316 9109 2713 9790
312 4448 9859 132 3717 2342 7368 9836 7181 5007 6705 8467 2330 6012 7518
313 3521 1666 1544 3608 4779 4430 7952 8850 5620 4120 3289 3162 7935
314 2432 6981 4421 7368 1417 2962 7923 8504 1849 7835 1374
315 3364 4357 6405 5860 3816 2214 2026 5580 1229 2253 7316 5941 3542 1849 7615
316 8097 9471 1894 5382 5401 1705 2602 5932 748 6095 8528 1715 5368 6233 7132 1695
317 8481 5314 963 9668 9315 9098 6331 5550 6543 5998 8407 6776 7322 7515 5820 6525 4191
318 8898 484 4421 2908 9899 175 8189 2485 5654 1912 8410 9724 4253
319 6627 7174 4359 6730 7373 9424 9304 4379 5620 6040 9818 3899 7996 6559
320 3296 4839 4904 5799 8874 282 7725 1975 627 1435 3735 569 1978 2459
321 6752 3329 4482 1828 3335 7435 9100 4050 690 7764 1586 22 6198 4349
322 801 7651 4869 6822 9128 4393 564 3894 4470 5311
323 1729 8580 2469 4262 8261 9992 3757 2830 9747 9460 7894 2424 4697 5119
324 3459 644 9288 4969 1549 7054 5742 3409 4594 7222 6134 216 730 2492 127
325 5570 580 5578 1100 1392 5523 7700 9308 5725 9791
326 2912 130 5542 5994 6734 7696 4816 980 7190 2551 9113 2043 1660 7935
327 736 7137 513 705 5540 1893 5734 7686 7785 3785 4332 2705 1554 4476
328 7012 5030 1799 3576 8711 8487 461 9454 9808 533 2552 6649 9850
329 8994 9608 7503 1969 3826 8212 5143 3065
330 9251 9444 9126 5318 8072 585 3338 3691 6798 8431 4178 7539 3220 8147 2582 7928 9247
331 9251 6181 5834 7435 7470 5711 3409 7921 1778 8340 2389 4405 5398 4251
332 3511 3170 7943 556 7438 3119 8980 8726 7799 7930 9117
333 9024 7712 7458 8099 8069 8102 3465 5962 4297 3180 9995 8649 6206 7833 7611 3934 4223
334 4130 5577 6794 2570 3819 6993 8884 4952 3993 7515 6716 3901 8095
335 6562 5795 8868 4551 5415 554 3851 6285 1934 4848 8630 3262 799
336 1698 6329 6564 8389 2212 5980 397 374 217 2107 9020 9341 4190
337 320 3781 2224 5267 7828 5750 3703 1976 9240 8634 1116
338 6979 4740 1241 2984 9872 9169 7346 6097 245 4054 4984 4473 3516
339 9953 66 7300 3942 4554 3658 4076 3594 586 9327 6956 1950
340 2849 4259 9157 8441 75 4501 9302 9303 7161 4507
341 1890 4195 1639 1129 650 4205 2863 879 1361 3062 9399 216 5084
342 4704 4384 3107 4229 4040 2858 1483 9810 5715 182 7639 4761 2267 8060 9981
343 8674 1893 5799 6186 9228 4527 3184 7793 2869 3798 4408 7705
344 2402 4387 8261 7449 4551 1030 313 5004 4625 5778 2194 2357 2998 6841 1820 6717
345 6307 197 9894 7686 4553 2559 9612 7885 3199 9009 2419 5340 6874 158 8828 1054 5119
346 8898 1315 6086 1608 682 3947 4299 525 2510 947 2515 1299 3672 1371 5500 62
347 6305 1793 8481 9380 4550 7686 4008 8844 6732 7730 4473 3355 6137 4543
348 8097 3083 3405 9166 5902 4782 5617 7570 1747 6703 2095 7897 8249 5307 8893 8223
349 4064 9313 6368 5295 816 7024 2738 6706 5911 4888
350 96 3425 7297 4 454 1159 3719 5799 4170 7659 9455 3153 7899 1471
351 5729 5665 612 8619 1453 2063 2865 4083 7286 8822 3766 123 2717 9150
352 2432 9572 8069 2021 3719 5768 8261 9226 6379 1324 3946 1078 8758 1846 6492
353 4291 8325 9798 2919 5128 5799 1258 7594 2388 7007 8761 6685 4063
354 5474 8898 2011 7302 9544 8848 5844 7958 215 7224 9563 6300
355 7520 8038 712 5194 6060 333 47 8341 8382 3125 9529 5882 7452 7774
356 3137 8313 3684 709 4744 4873 7210 9746 5494 3289 1818 1886 2495
357 8898 7715 6889 6122 8395 5900 7312 4786 4530 1555 662 2967 9144 5625 3197 8606
358 4768 898 8456 6408 9243 7753 7641 4690 595 84 755 3865 730 3899 5917
359 8606 9380 8197 8934 522 3825 4017 787 6612 3637 213 2936 7486
360 2525 1505 1414 2279 1800 71 1161 5546 3596 3182 3505 5938 7901 7295
361 4864 5826 2083 8195 9987 6798 7279 1488 8881 8849 87 248 8248 4126
362 2816 96 6754 3396 8205 3726 7088 6134 7670 4120 7865 3355 7902
363 9857 8547 6373 3175 2601 9695 9579 5004 4400 8083 5013 5882 4158 9951
364 8353 1860 5225 7946 4235 7609 2601 9615 1172 3957 8952 409 4189 8511
365 3941 8458 7692 8432 7762 1587 5340 7736 57 2460 1054
366 2462 2694 1899 6574 625 3895 7960 9050 8030 9919
367 4327 5799 6797 6669 462 9776 2163 7411 2325 5564 6620 1882
368 6944 4224 2210 6690 6660 871 4091 8553 9066 6249 455 6798 5588 6811 3613 2302
369 8898 4548 5576 1896 2826 1291 9707 4267 4846 619 3952 1849 2841 3003
370 1921 4962 5247 5925 2533 239 9969 7540 3829 1560 4955 4606 8927
371 3937 9508 9188 7947 715 175 4849 1585 1175 7033 6906 9469 6430
372 1024 3713 8324 520 6857 7817 1138 2869 2870 3609 9051
373 7875 4260 7462 9257 3608 8939 7114 5294 5647 3568 210 7866 8986
374 6978 1896 798 4725 3638 4822 3225 5690 6299 5566 2303
375 5952 6916 5254 1320 2635 1325 9742 4365 784 3888 9747 2932 6679 4957
376 1378 6407 4138 332 2444 9230 3151 9138 3158 856 2555 6876 8189
377 9440 2147 2761 650 3881 202 4017 3891 6900 8312 4921
378 8736 4352 3528 5931 2412 6733 1583 6095 1266 9079 7608 5849 218 4734
379 9058 386 2020 709 2570 5759 3536 9170 6642 4532 3479 6778 6204 6047
380 6368 8257 354 490 4266 8430 1652 1844 9592 6111 4827 1727
381 3872 1728 8963 9573 6599 4936 1069 5040 3568 7120 5237 6837 1659
382 636 4577 8706 4001 5864 4873 8618 970 7148 3987 3831 4220
383 4896 995 1735 3339 3436 3403 8110 6319 299 5707 3888 6483 6933 7222 7288 3451
384 6848 3397 3302 6599 8649 9611 7277 6608 1811 1430 8604 4218 5212
385 4608 9152 5122 2504 5324 3855 3408 6834 5555 3830 3255 6783
386 4736 8514 8387 6500 4098 8100 4904 1077 4312 9338 2204 3581 4541
387 7968 354 8261 5830 9735 4936 3049 6923 4846 6159 5522 1203 9302 7862 3832 3674 4379 8767
388 1185 3257 6116 6819 7430 7307 7087 4437 5014 5209 9948 8830
389 89 2201 8807 8830 3371 8747 4558 9457 6868 1976 409 3708 1341 6046 287
390 4608 2947 1731 3015 4776 5901 3343 5425 5594 506 8340 2613 3127 1210
391 963 996 9060 4387 8323 8073 5482 6859 7114 1329 8563 6837 6038 9948 3997
392 5728 2945 3618 835 7012 5989 9165 1072 6643 4180 3668 4213 6004 308 3771
393 1665 1890 6562 8484 1347 4679 7111 5224 4691 2964 1175 4632 7130 700
394 9217 8577 9764 7205 4070 1040 1681 8883 9112 827 1468 8189
395 5730 2243 9283 130 2472 3533 4110 173 6224 4848 6574 1303 8859 5694 1471
396 673 2659 1796 965 6665 9514 2603 1484 6195 6835 5171 343 7994 9278
397 7296 9792 5438 6307 3785 9738 4492 6415 6992 8689 2928 369 2358 5470
398 3904 7168 5346 4962 228 1576 1560 5775 3823 9905 8694 7608 1689 1246 9342
399 3394 9479 872 5705 6730 7337 4397 3182 4046 4461 2515 1304 2651
400 9954 1667 7524 3109 6821 7012 9925 713 9833 8780 3501 9201 7803 6780
401 33 6977 6499 7047 7209 8169 617 5835 2957 4238 2768 6931 9334 4086 8188 1886
402 8320 3333 4773 4807 6990 1712 7568 9136 5396 7134 2420 6550 1563 3933 7006 3039
403 7905 5377 1955 8902 6407 7210 6764 6189 8984 6642 2069 1942 4405 5496 1849 7066
404 4997 7366 5260 3726 6514 2355 5589 1975 5144 1241 187 6365
405 289 4322 2823 7195 1609 5226 1325 8205 5840 5104 4754 5299 7414 792 987 6876 4509
406 8224 2272 6018 3041 1892 7753 6253 7245 3218 8213 4854 6166 3039 4540 9375
407 8066 1315 5764 8898 3241 8142 2961 2552 9754 8093 6271
408 4097 2469 9382 7686 4395 6097 2290 8725 1142 2876
409 5665 2497 1828 8743 8524 1361 5233 5140 3157 4024
410 5728 8355 7428 359 9801 142 7918 5360 4274 6194 5015 7932 3806 2591
411 5440 3651 1863 583 940 236 8078 8847 4761 5882 6105
412 2656 8099 8230 9388 4237 2797 1070 6446 3890 9172 53 1750 3164 5054 1407
413 6466 4004 9543 9964 1357 6798 4272 5810 6069 3606 5881 4538 6751
414 1313 3819 6544 2611 2868 7252 6712 281 4191 3966 3231
415 9664 2082 9731 5544 1929 6730 5882 8589 2350 5329 2551 2584 4826
416 7012 2858 8459 1292 5485 1519 179 3540 8341 87 9081
417 7553 8264 9385 8649 6380 2829 3980 5842 6836 502 5591 8568 2556
418 5024 805 331 8044 5613 2096 1651 2037 54 4696 1306 126
419 641 1702 2280 9801 7307 4205 6798 4880 914 4756 8533 5526 664 2233
420 5890 2532 5509 5863 1416 873 3560 7531 4649 7410 9715 6837 9150
421 7715 3942 202 1163 6284 7374 2512 7602 1847 6331 1597 7519
422 8898 2595 931 4228 2468 4759 1865 8329 8830 6289 1169 1911 2968 1854
423 9536 3427 6052 9158 1483 5676 3666 9267 4147 211 7892 7063 5269 6748 5791
424 9825 5122 1060 9511 6076 3371 333 1646 5006 78 6543 6805 9302 8028 6557 1279
425 9473 7394 9827 6146 6978 3434 4364 2221 9683 9587 3957 9654 9175 376
426 9762 3875 707 964 7079 3306 9259 3950 976 7987 5461 7898
427 2848 9698 1988 7719 8830 8703 8620 9778 1013 3606 9913 6427 7358 2015
428 6209 8101 6408 491 780 2891 2699 5900 6384 2644 5783 1241 5755 6527
429 7201 6980 7067 7782 2760 4617 9642 6571 7596 9897 6510 8659 600 4698 6619 8830
430 802 1832 9929 6344 8907 9935 336 6355 7190 9815 2648 5082 444 7261
431 6816 9570 7396 4455 8297 5324 2604 940 7500 913 469 5719 1307 7644 6463
432 6756 6374 3368 5643 76 462 8085 3894 1175 7996 3646
433 3200 6720 1241 8965 3206 6920 5960 5773 2222 1294 9232 8529 5395 3030 7897
434 2208 4352 4643 7078 3659 8587 2765 8847 7860 6460 2519 5944 1084 1021 7935
435 9792 8775 1736 9262 5647 3024 3377 4433 4947 9814 2967 7993 59
436 3712 6849 3200 4162 1830 840 74 3019 6991 6127 7999
437 7329 194 6790 3112 619 8844 4140 5391 4911 3924 150 4441
438 2496 4736 962 4067 4451 3747 778 812 4430 8047 5110 9144 9624 7930 5692 1695
439 9062 9672 9352 2057 1804 3693 2828 3090 7668 84 9462 4567 6228 2139 9149 2783
440 8768 1347 6116 1560 1291 4235 5708 6795 7731 4627 5013 8312 4825 1531 9628 3741 4958
441 2465 7714 8097 4262 6220 7514 7090 982 6650 2717 1470 2970
442 8192 5059 7813 4135 9099 3341 4883 9306 987 7994 8894
443 3046 5592 3367 358 2087 5616 9777 369 6293 9144 698 8474 5661
444 1501 6754 1827 5317 1798 4875 8430 6351 3133 3636 2101 5400 1146 9531 5373 3167
445 9378 8131 9980 9352 8364 3727 5392 1456 822 1241 1244 8126
446 7200 4352 6690 4356 6315 2222 6641 5618 3377 3062 1270 4186 5275 1438
447 8898 4164 1158 7016 9033 5872 1201 368 8890 8377 9978 6267 6844
448 4418 9859 3144 7915 1261 3150 2477 2096 6353 5491 8694 4792 3931 4827
449 4544 8250 3656 7753 3372 6160 5200 9137 917 5720 57 4954 7676
450 4001 5409 6506 2701 2575 1714 8468 2932 5974 3959 669 6750
451 3520 8097 3458 1578 2187 1847 6800 7665 7956 6870 8471 4409 7610 8795 2399
452 4352 9732 5828 8166 1319 9224 8042 6636 1037 5873 114 2707 4310 3357
453 6176 9637 9030 5381 7240 3305 2634 5260 5647 9200 6131 278 157
454 6890 237 1486 7150 2291 8787 2975 3289 572 3710 8287
455 7297 9602 3391 4969 2474 6986 4363 7853 686 4335 1040 661 8662 311 3481 9018 3327
456 7772 2726 5288 876 4205 4240 1777 6872 5337 5082 4667 60 6558 2335
457 5376 4138 7660 814 4751 8848 9361 9202 7190 726 6014
458 2848 257 2915 1223 3146 3435 1101 2415 2672 5072 2351 3800 857 1695
459 901 5255 1560 9291 7917 5721 1141 9207 3864 4185 1659
460 2944 160 5987 9893 2247 4169 6420 8822 9945 6076 5341 9118
461 5281 8962 8101 9351 2760 4365 5647 2393 3932 3741 9695
462 2371 7239 3943 5388 5997 303 6226 5747 3636 1718 6329 4124 7902
463 4800 8870 5799 2506 7242 6315 1198 3312 4785 5010 4026 7962 4922 1086 7551
464 5597 8609 8130 9821 1830 3144 2762 4618 4490 5642 4688 5299 2806 6043 3325
465 4480 4736 2563 8932 8709 9991 3658 7568 7057 5873 4276 1141 6644 119 6686
466 6503 1291 7116 2735 7503 5647 9043 7636 442 1565 7613
467 3264 6339 5283 7368 9978 5645 3852 1490 3572 7095 7194 1946
468 3393 8097 6754 2052 198 8713 8138 9071 1200 2065 913 6097 5876 1172 9242 287
469 6780 9197 1613 8973 5085 4049 2034 5171 7740 8601 5882 3132 5213 6558
470 1155 579 1989 5421 2161 7186 6004 341 6742 8151 5113 8445
471 5025 1442 5284 1320 2350 3323 5423 6608 7727 6737 7828 6616 4634 1179
472 3873 3041 835 5383 2376 6489 2251 7308 7438 4114 9171 3764 6037 5017 1178 1341
473 6305 1154 7651 6250 4171 7435 2288 6353 1748 9278 3226 3358
474 2146 2530 1607 8 3018 9551 1968 5584 464 1011 6646 5274 9563 5694
475 550 5415 3306 11 8875 815 6064 1459 6228 822 6201 8382 3295
476 7526 6726 8106 5035 1100 8141 1166 2003 245 6485 4570
477 3041 3107 6372 4900 4710 8454 2600 8527 4690 3382 7991 1087
478 5379 5029 8143 7024 6100 4308 9334 183 3092 570 5851 5534 8543
479 2780 8261 3916 7955 3283 7733 4727 5017 2012 3325
480 3936 7267 7910 5286 6921 8490 4079 251 5393 879 4437 4023 315
481 2464 7299 8229 808 6731 7915 7248 7124 5174 5654 9338 6619 6109
482 6754 7613 7364 8581 6820 7562 3244 9934 4146 7611 7417 8219 6269 6527
483 290 5923 9224 8141 8238 3598 656 7921 2962 723 8151 9109 86 4503 8863
484 3396 4166 1884 9448 7943 8266 6892 3792 9650 7126 7642 4316 414
485 1984 3619 4836 6534 9158 5882 5773 2932 6677 2911 4152 4121 8318 5918 8479
486 7008 3109 1560 7435 7692 13 2349 6899 8661 7992 4121 6682 7547
487 6976 3201 4708 6567 6858 8365 4048 9968 2225 4785 2385 2261 4407 2649
488 418 5831 3371 3435 3149 7435 5689 602 1531 4888 8889 826 8507 8478
489 896 4865 2369 3652 5637 4873 44 3309 2163 5783 24 5882 9304 8830
490 9568 4064 8352 2094 3887 1009 594 9525 3415 1369 2714 7967
491 5024 6210 3714 388 9093 9099 5720 9101 4237 5489 5557 9653 6327 4888 7994
492 4674 4196 6202 9799 5902 6702 497 2003 2424 9310 4890 1757 5086 2335
493 2114 4066 7203 7462 5030 2575 6736 1748 7285 2199 2105 5882 795 8413 6814
494 5828 8261 9963 1485 3666 1971 499 3637 7287 952 6041 2263
495 4772 1255 8072 9705 6314 6475 3015 6031 7088 8913 8467 7155 7543 5433 2555 5821 7295
496 8769 8866 6468 7782 3111 2953 2890 5321 5233 7921 1427 5014 3286 412
497 4034 2595 8196 2885 3460 2438 1352 1886 7829 4311 4282 1086 3807
498 8097 3555 5413 2822 2920 5544 5834 4850 888 3092 1340 3607 7480 5593 860
499 8389 5382 5087 7276 4824 3727 8952 6706 9875 6838 920 7162 8766 6271
